# JRE version: OpenJDK Runtime Environment (8.0_242-b01) (build 1.8.0_242-release-1644-b01)
# Java VM: OpenJDK 64-Bit Server VM (25.242-b01 mixed mode windows-amd64 compressed oops)
Heap:
 PSYoungGen      total 174080K, used 60898K [0x00000000d5580000, 0x00000000e2100000, 0x0000000100000000)
  eden space 157184K, 38% used [0x00000000d5580000,0x00000000d90f8ae0,0x00000000def00000)
  from space 16896K, 0% used [0x00000000e0180000,0x00000000e0180000,0x00000000e1200000)
  to   space 18944K, 0% used [0x00000000def00000,0x00000000def00000,0x00000000e0180000)
 ParOldGen       total 92160K, used 33983K [0x0000000080000000, 0x0000000085a00000, 0x00000000d5580000)
  object space 92160K, 36% used [0x0000000080000000,0x000000008212fd50,0x0000000085a00000)
 Metaspace       used 59256K, capacity 61528K, committed 61736K, reserved 1101824K
  class space    used 8124K, capacity 8627K, committed 8744K, reserved 1048576K
GC Heap History (10 events):
Event: 15.420 GC heap before
{Heap before GC invocations=11 (full 2):
 PSYoungGen      total 111104K, used 10350K [0x00000000d5580000, 0x00000000df680000, 0x0000000100000000)
  eden space 99840K, 0% used [0x00000000d5580000,0x00000000d5580000,0x00000000db700000)
  from space 11264K, 91% used [0x00000000db700000,0x00000000dc11b848,0x00000000dc200000)
  to   space 12288K, 0% used [0x00000000dea80000,0x00000000dea80000,0x00000000df680000)
 ParOldGen       total 38400K, used 9056K [0x0000000080000000, 0x0000000082580000, 0x00000000d5580000)
  object space 38400K, 23% used [0x0000000080000000,0x00000000808d8178,0x0000000082580000)
 Metaspace       used 34424K, capacity 35386K, committed 35496K, reserved 1079296K
  class space    used 4678K, capacity 4942K, committed 5032K, reserved 1048576K
Event: 15.550 GC heap after
Heap after GC invocations=11 (full 2):
 PSYoungGen      total 111104K, used 0K [0x00000000d5580000, 0x00000000df680000, 0x0000000100000000)
  eden space 99840K, 0% used [0x00000000d5580000,0x00000000d5580000,0x00000000db700000)
  from space 11264K, 0% used [0x00000000db700000,0x00000000db700000,0x00000000dc200000)
  to   space 12288K, 0% used [0x00000000dea80000,0x00000000dea80000,0x00000000df680000)
 ParOldGen       total 57856K, used 16901K [0x0000000080000000, 0x0000000083880000, 0x00000000d5580000)
  object space 57856K, 29% used [0x0000000080000000,0x00000000810816f0,0x0000000083880000)
 Metaspace       used 34424K, capacity 35386K, committed 35496K, reserved 1079296K
  class space    used 4678K, capacity 4942K, committed 5032K, reserved 1048576K
}
Event: 17.817 GC heap before
{Heap before GC invocations=12 (full 2):
 PSYoungGen      total 111104K, used 99840K [0x00000000d5580000, 0x00000000df680000, 0x0000000100000000)
  eden space 99840K, 100% used [0x00000000d5580000,0x00000000db700000,0x00000000db700000)
  from space 11264K, 0% used [0x00000000db700000,0x00000000db700000,0x00000000dc200000)
  to   space 12288K, 0% used [0x00000000dea80000,0x00000000dea80000,0x00000000df680000)
 ParOldGen       total 57856K, used 16901K [0x0000000080000000, 0x0000000083880000, 0x00000000d5580000)
  object space 57856K, 29% used [0x0000000080000000,0x00000000810816f0,0x0000000083880000)
 Metaspace       used 39512K, capacity 41078K, committed 41256K, reserved 1085440K
  class space    used 5447K, capacity 5840K, committed 5928K, reserved 1048576K
Event: 17.832 GC heap after
Heap after GC invocations=12 (full 2):
 PSYoungGen      total 135168K, used 8311K [0x00000000d5580000, 0x00000000df300000, 0x0000000100000000)
  eden space 126464K, 0% used [0x00000000d5580000,0x00000000d5580000,0x00000000dd100000)
  from space 8704K, 95% used [0x00000000dea80000,0x00000000df29df48,0x00000000df300000)
  to   space 12800K, 0% used [0x00000000dda00000,0x00000000dda00000,0x00000000de680000)
 ParOldGen       total 57856K, used 16909K [0x0000000080000000, 0x0000000083880000, 0x00000000d5580000)
  object space 57856K, 29% used [0x0000000080000000,0x00000000810836f0,0x0000000083880000)
 Metaspace       used 39512K, capacity 41078K, committed 41256K, reserved 1085440K
  class space    used 5447K, capacity 5840K, committed 5928K, reserved 1048576K
}
Event: 22.954 GC heap before
{Heap before GC invocations=13 (full 2):
 PSYoungGen      total 135168K, used 134775K [0x00000000d5580000, 0x00000000df300000, 0x0000000100000000)
  eden space 126464K, 100% used [0x00000000d5580000,0x00000000dd100000,0x00000000dd100000)
  from space 8704K, 95% used [0x00000000dea80000,0x00000000df29df48,0x00000000df300000)
  to   space 12800K, 0% used [0x00000000dda00000,0x00000000dda00000,0x00000000de680000)
 ParOldGen       total 57856K, used 16909K [0x0000000080000000, 0x0000000083880000, 0x00000000d5580000)
  object space 57856K, 29% used [0x0000000080000000,0x00000000810836f0,0x0000000083880000)
 Metaspace       used 50906K, capacity 52772K, committed 52904K, reserved 1095680K
  class space    used 6822K, capacity 7270K, committed 7336K, reserved 1048576K
Event: 23.009 GC heap after
Heap after GC invocations=13 (full 2):
 PSYoungGen      total 148480K, used 12797K [0x00000000d5580000, 0x00000000e1200000, 0x0000000100000000)
  eden space 135680K, 0% used [0x00000000d5580000,0x00000000d5580000,0x00000000dda00000)
  from space 12800K, 99% used [0x00000000dda00000,0x00000000de67f6c0,0x00000000de680000)
  to   space 16896K, 0% used [0x00000000e0180000,0x00000000e0180000,0x00000000e1200000)
 ParOldGen       total 57856K, used 23726K [0x0000000080000000, 0x0000000083880000, 0x00000000d5580000)
  object space 57856K, 41% used [0x0000000080000000,0x000000008172bb68,0x0000000083880000)
 Metaspace       used 50906K, capacity 52772K, committed 52904K, reserved 1095680K
  class space    used 6822K, capacity 7270K, committed 7336K, reserved 1048576K
}
Event: 26.444 GC heap before
{Heap before GC invocations=14 (full 2):
 PSYoungGen      total 148480K, used 99779K [0x00000000d5580000, 0x00000000e1200000, 0x0000000100000000)
  eden space 135680K, 64% used [0x00000000d5580000,0x00000000daa71860,0x00000000dda00000)
  from space 12800K, 99% used [0x00000000dda00000,0x00000000de67f6c0,0x00000000de680000)
  to   space 16896K, 0% used [0x00000000e0180000,0x00000000e0180000,0x00000000e1200000)
 ParOldGen       total 57856K, used 23726K [0x0000000080000000, 0x0000000083880000, 0x00000000d5580000)
  object space 57856K, 41% used [0x0000000080000000,0x000000008172bb68,0x0000000083880000)
 Metaspace       used 56933K, capacity 59012K, committed 59160K, reserved 1099776K
  class space    used 7742K, capacity 8277K, committed 8360K, reserved 1048576K
Event: 26.488 GC heap after
Heap after GC invocations=14 (full 2):
 PSYoungGen      total 174080K, used 15981K [0x00000000d5580000, 0x00000000e2100000, 0x0000000100000000)
  eden space 157184K, 0% used [0x00000000d5580000,0x00000000d5580000,0x00000000def00000)
  from space 16896K, 94% used [0x00000000e0180000,0x00000000e111b6f8,0x00000000e1200000)
  to   space 18944K, 0% used [0x00000000def00000,0x00000000def00000,0x00000000e0180000)
 ParOldGen       total 57856K, used 27908K [0x0000000080000000, 0x0000000083880000, 0x00000000d5580000)
  object space 57856K, 48% used [0x0000000080000000,0x0000000081b413b8,0x0000000083880000)
 Metaspace       used 56933K, capacity 59012K, committed 59160K, reserved 1099776K
  class space    used 7742K, capacity 8277K, committed 8360K, reserved 1048576K
}
Event: 26.488 GC heap before
{Heap before GC invocations=15 (full 3):
 PSYoungGen      total 174080K, used 15981K [0x00000000d5580000, 0x00000000e2100000, 0x0000000100000000)
  eden space 157184K, 0% used [0x00000000d5580000,0x00000000d5580000,0x00000000def00000)
  from space 16896K, 94% used [0x00000000e0180000,0x00000000e111b6f8,0x00000000e1200000)
  to   space 18944K, 0% used [0x00000000def00000,0x00000000def00000,0x00000000e0180000)
 ParOldGen       total 57856K, used 27908K [0x0000000080000000, 0x0000000083880000, 0x00000000d5580000)
  object space 57856K, 48% used [0x0000000080000000,0x0000000081b413b8,0x0000000083880000)
 Metaspace       used 56933K, capacity 59012K, committed 59160K, reserved 1099776K
  class space    used 7742K, capacity 8277K, committed 8360K, reserved 1048576K
Event: 27.275 GC heap after
Heap after GC invocations=15 (full 3):
 PSYoungGen      total 174080K, used 0K [0x00000000d5580000, 0x00000000e2100000, 0x0000000100000000)
  eden space 157184K, 0% used [0x00000000d5580000,0x00000000d5580000,0x00000000def00000)
  from space 16896K, 0% used [0x00000000e0180000,0x00000000e0180000,0x00000000e1200000)
  to   space 18944K, 0% used [0x00000000def00000,0x00000000def00000,0x00000000e0180000)
 ParOldGen       total 92160K, used 33983K [0x0000000080000000, 0x0000000085a00000, 0x00000000d5580000)
  object space 92160K, 36% used [0x0000000080000000,0x000000008212fd50,0x0000000085a00000)
 Metaspace       used 56925K, capacity 58988K, committed 59160K, reserved 1099776K
  class space    used 7740K, capacity 8273K, committed 8360K, reserved 1048576K
}

