# JRE version: OpenJDK Runtime Environment (8.0_242-b01) (build 1.8.0_242-release-1644-b01)
# Java VM: OpenJDK 64-Bit Server VM (25.242-b01 mixed mode windows-amd64 compressed oops)
Heap:
 PSYoungGen      total 201216K, used 195670K [0x00000000d5580000, 0x00000000e3f80000, 0x0000000100000000)
  eden space 187392K, 97% used [0x00000000d5580000,0x00000000e0732060,0x00000000e0c80000)
  from space 13824K, 99% used [0x00000000e3200000,0x00000000e3f63888,0x00000000e3f80000)
  to   space 18944K, 0% used [0x00000000e1a80000,0x00000000e1a80000,0x00000000e2d00000)
 ParOldGen       total 79872K, used 28002K [0x0000000080000000, 0x0000000084e00000, 0x00000000d5580000)
  object space 79872K, 35% used [0x0000000080000000,0x0000000081b58bf0,0x0000000084e00000)
 Metaspace       used 69540K, capacity 72366K, committed 72536K, reserved 1112064K
  class space    used 9158K, capacity 9768K, committed 9856K, reserved 1048576K
GC Heap History (10 events):
Event: 16.073 GC heap before
{Heap before GC invocations=15 (full 2):
 PSYoungGen      total 127488K, used 118784K [0x00000000d5580000, 0x00000000dee00000, 0x0000000100000000)
  eden space 118784K, 100% used [0x00000000d5580000,0x00000000dc980000,0x00000000dc980000)
  from space 8704K, 0% used [0x00000000dd200000,0x00000000dd200000,0x00000000dda80000)
  to   space 8704K, 0% used [0x00000000dc980000,0x00000000dc980000,0x00000000dd200000)
 ParOldGen       total 51712K, used 14796K [0x0000000080000000, 0x0000000083280000, 0x00000000d5580000)
  object space 51712K, 28% used [0x0000000080000000,0x0000000080e73198,0x0000000083280000)
 Metaspace       used 44585K, capacity 45992K, committed 46040K, reserved 1089536K
  class space    used 6028K, capacity 6390K, committed 6400K, reserved 1048576K
Event: 16.105 GC heap after
Heap after GC invocations=15 (full 2):
 PSYoungGen      total 127488K, used 8686K [0x00000000d5580000, 0x00000000e0000000, 0x0000000100000000)
  eden space 118784K, 0% used [0x00000000d5580000,0x00000000d5580000,0x00000000dc980000)
  from space 8704K, 99% used [0x00000000dc980000,0x00000000dd1fb858,0x00000000dd200000)
  to   space 11776K, 0% used [0x00000000df480000,0x00000000df480000,0x00000000e0000000)
 ParOldGen       total 51712K, used 20124K [0x0000000080000000, 0x0000000083280000, 0x00000000d5580000)
  object space 51712K, 38% used [0x0000000080000000,0x00000000813a7270,0x0000000083280000)
 Metaspace       used 44585K, capacity 45992K, committed 46040K, reserved 1089536K
  class space    used 6028K, capacity 6390K, committed 6400K, reserved 1048576K
}
Event: 23.150 GC heap before
{Heap before GC invocations=16 (full 2):
 PSYoungGen      total 127488K, used 127470K [0x00000000d5580000, 0x00000000e0000000, 0x0000000100000000)
  eden space 118784K, 100% used [0x00000000d5580000,0x00000000dc980000,0x00000000dc980000)
  from space 8704K, 99% used [0x00000000dc980000,0x00000000dd1fb858,0x00000000dd200000)
  to   space 11776K, 0% used [0x00000000df480000,0x00000000df480000,0x00000000e0000000)
 ParOldGen       total 51712K, used 20124K [0x0000000080000000, 0x0000000083280000, 0x00000000d5580000)
  object space 51712K, 38% used [0x0000000080000000,0x00000000813a7270,0x0000000083280000)
 Metaspace       used 55116K, capacity 57078K, committed 57176K, reserved 1097728K
  class space    used 7497K, capacity 7976K, committed 8064K, reserved 1048576K
Event: 23.195 GC heap after
Heap after GC invocations=16 (full 2):
 PSYoungGen      total 157184K, used 11754K [0x00000000d5580000, 0x00000000e0880000, 0x0000000100000000)
  eden space 145408K, 0% used [0x00000000d5580000,0x00000000d5580000,0x00000000de380000)
  from space 11776K, 99% used [0x00000000df480000,0x00000000dfffa8f0,0x00000000e0000000)
  to   space 17408K, 0% used [0x00000000de380000,0x00000000de380000,0x00000000df480000)
 ParOldGen       total 51712K, used 29844K [0x0000000080000000, 0x0000000083280000, 0x00000000d5580000)
  object space 51712K, 57% used [0x0000000080000000,0x0000000081d25028,0x0000000083280000)
 Metaspace       used 55116K, capacity 57078K, committed 57176K, reserved 1097728K
  class space    used 7497K, capacity 7976K, committed 8064K, reserved 1048576K
}
Event: 23.622 GC heap before
{Heap before GC invocations=17 (full 2):
 PSYoungGen      total 157184K, used 28855K [0x00000000d5580000, 0x00000000e0880000, 0x0000000100000000)
  eden space 145408K, 11% used [0x00000000d5580000,0x00000000d6633678,0x00000000de380000)
  from space 11776K, 99% used [0x00000000df480000,0x00000000dfffa8f0,0x00000000e0000000)
  to   space 17408K, 0% used [0x00000000de380000,0x00000000de380000,0x00000000df480000)
 ParOldGen       total 51712K, used 29844K [0x0000000080000000, 0x0000000083280000, 0x00000000d5580000)
  object space 51712K, 57% used [0x0000000080000000,0x0000000081d25028,0x0000000083280000)
 Metaspace       used 56920K, capacity 58870K, committed 59028K, reserved 1099776K
  class space    used 7621K, capacity 8104K, committed 8192K, reserved 1048576K
Event: 23.700 GC heap after
Heap after GC invocations=17 (full 2):
 PSYoungGen      total 162816K, used 1647K [0x00000000d5580000, 0x00000000e4280000, 0x0000000100000000)
  eden space 145408K, 0% used [0x00000000d5580000,0x00000000d5580000,0x00000000de380000)
  from space 17408K, 9% used [0x00000000de380000,0x00000000de51beb8,0x00000000df480000)
  to   space 16896K, 0% used [0x00000000e3200000,0x00000000e3200000,0x00000000e4280000)
 ParOldGen       total 51712K, used 36631K [0x0000000080000000, 0x0000000083280000, 0x00000000d5580000)
  object space 51712K, 70% used [0x0000000080000000,0x00000000823c5fb0,0x0000000083280000)
 Metaspace       used 56920K, capacity 58870K, committed 59028K, reserved 1099776K
  class space    used 7621K, capacity 8104K, committed 8192K, reserved 1048576K
}
Event: 23.701 GC heap before
{Heap before GC invocations=18 (full 3):
 PSYoungGen      total 162816K, used 1647K [0x00000000d5580000, 0x00000000e4280000, 0x0000000100000000)
  eden space 145408K, 0% used [0x00000000d5580000,0x00000000d5580000,0x00000000de380000)
  from space 17408K, 9% used [0x00000000de380000,0x00000000de51beb8,0x00000000df480000)
  to   space 16896K, 0% used [0x00000000e3200000,0x00000000e3200000,0x00000000e4280000)
 ParOldGen       total 51712K, used 36631K [0x0000000080000000, 0x0000000083280000, 0x00000000d5580000)
  object space 51712K, 70% used [0x0000000080000000,0x00000000823c5fb0,0x0000000083280000)
 Metaspace       used 56920K, capacity 58870K, committed 59028K, reserved 1099776K
  class space    used 7621K, capacity 8104K, committed 8192K, reserved 1048576K
Event: 24.759 GC heap after
Heap after GC invocations=18 (full 3):
 PSYoungGen      total 162816K, used 0K [0x00000000d5580000, 0x00000000e4280000, 0x0000000100000000)
  eden space 145408K, 0% used [0x00000000d5580000,0x00000000d5580000,0x00000000de380000)
  from space 17408K, 0% used [0x00000000de380000,0x00000000de380000,0x00000000df480000)
  to   space 16896K, 0% used [0x00000000e3200000,0x00000000e3200000,0x00000000e4280000)
 ParOldGen       total 79872K, used 27994K [0x0000000080000000, 0x0000000084e00000, 0x00000000d5580000)
  object space 79872K, 35% used [0x0000000080000000,0x0000000081b56bf0,0x0000000084e00000)
 Metaspace       used 56901K, capacity 58804K, committed 59028K, reserved 1099776K
  class space    used 7615K, capacity 8093K, committed 8192K, reserved 1048576K
}
Event: 36.338 GC heap before
{Heap before GC invocations=19 (full 3):
 PSYoungGen      total 162816K, used 145408K [0x00000000d5580000, 0x00000000e4280000, 0x0000000100000000)
  eden space 145408K, 100% used [0x00000000d5580000,0x00000000de380000,0x00000000de380000)
  from space 17408K, 0% used [0x00000000de380000,0x00000000de380000,0x00000000df480000)
  to   space 16896K, 0% used [0x00000000e3200000,0x00000000e3200000,0x00000000e4280000)
 ParOldGen       total 79872K, used 27994K [0x0000000080000000, 0x0000000084e00000, 0x00000000d5580000)
  object space 79872K, 35% used [0x0000000080000000,0x0000000081b56bf0,0x0000000084e00000)
 Metaspace       used 63991K, capacity 66558K, committed 66776K, reserved 1107968K
  class space    used 8587K, capacity 9156K, committed 9216K, reserved 1048576K
Event: 36.373 GC heap after
Heap after GC invocations=19 (full 3):
 PSYoungGen      total 201216K, used 13710K [0x00000000d5580000, 0x00000000e3f80000, 0x0000000100000000)
  eden space 187392K, 0% used [0x00000000d5580000,0x00000000d5580000,0x00000000e0c80000)
  from space 13824K, 99% used [0x00000000e3200000,0x00000000e3f63888,0x00000000e3f80000)
  to   space 18944K, 0% used [0x00000000e1a80000,0x00000000e1a80000,0x00000000e2d00000)
 ParOldGen       total 79872K, used 28002K [0x0000000080000000, 0x0000000084e00000, 0x00000000d5580000)
  object space 79872K, 35% used [0x0000000080000000,0x0000000081b58bf0,0x0000000084e00000)
 Metaspace       used 63991K, capacity 66558K, committed 66776K, reserved 1107968K
  class space    used 8587K, capacity 9156K, committed 9216K, reserved 1048576K
}

