# JRE version: OpenJDK Runtime Environment (8.0_242-b01) (build 1.8.0_242-release-1644-b01)
# Java VM: OpenJDK 64-Bit Server VM (25.242-b01 mixed mode windows-amd64 compressed oops)
Heap:
 PSYoungGen      total 415232K, used 333571K [0x00000000d5580000, 0x00000000f1b80000, 0x0000000100000000)
  eden space 397824K, 79% used [0x00000000d5580000,0x00000000e8aad820,0x00000000eda00000)
  from space 17408K, 97% used [0x00000000f0a80000,0x00000000f1b13778,0x00000000f1b80000)
  to   space 32768K, 0% used [0x00000000edb80000,0x00000000edb80000,0x00000000efb80000)
 ParOldGen       total 137728K, used 78352K [0x0000000080000000, 0x0000000088680000, 0x00000000d5580000)
  object space 137728K, 56% used [0x0000000080000000,0x0000000084c842f0,0x0000000088680000)
 Metaspace       used 96162K, capacity 100872K, committed 101160K, reserved 1136640K
  class space    used 12432K, capacity 13325K, committed 13360K, reserved 1048576K
GC Heap History (10 events):
Event: 24.940 GC heap before
{Heap before GC invocations=16 (full 3):
 PSYoungGen      total 279040K, used 264704K [0x00000000d5580000, 0x00000000e7b00000, 0x0000000100000000)
  eden space 264704K, 100% used [0x00000000d5580000,0x00000000e5800000,0x00000000e5800000)
  from space 14336K, 0% used [0x00000000e6d00000,0x00000000e6d00000,0x00000000e7b00000)
  to   space 17920K, 0% used [0x00000000e5800000,0x00000000e5800000,0x00000000e6980000)
 ParOldGen       total 75264K, used 32501K [0x0000000080000000, 0x0000000084980000, 0x00000000d5580000)
  object space 75264K, 43% used [0x0000000080000000,0x0000000081fbd7d8,0x0000000084980000)
 Metaspace       used 66072K, capacity 68822K, committed 68904K, reserved 1107968K
  class space    used 8929K, capacity 9494K, committed 9520K, reserved 1048576K
Event: 25.037 GC heap after
Heap after GC invocations=16 (full 3):
 PSYoungGen      total 282624K, used 17232K [0x00000000d5580000, 0x00000000ecc00000, 0x0000000100000000)
  eden space 264704K, 0% used [0x00000000d5580000,0x00000000d5580000,0x00000000e5800000)
  from space 17920K, 96% used [0x00000000e5800000,0x00000000e68d4068,0x00000000e6980000)
  to   space 20480K, 0% used [0x00000000eb800000,0x00000000eb800000,0x00000000ecc00000)
 ParOldGen       total 75264K, used 32509K [0x0000000080000000, 0x0000000084980000, 0x00000000d5580000)
  object space 75264K, 43% used [0x0000000080000000,0x0000000081fbf7d8,0x0000000084980000)
 Metaspace       used 66072K, capacity 68822K, committed 68904K, reserved 1107968K
  class space    used 8929K, capacity 9494K, committed 9520K, reserved 1048576K
}
Event: 39.747 GC heap before
{Heap before GC invocations=17 (full 3):
 PSYoungGen      total 282624K, used 281936K [0x00000000d5580000, 0x00000000ecc00000, 0x0000000100000000)
  eden space 264704K, 100% used [0x00000000d5580000,0x00000000e5800000,0x00000000e5800000)
  from space 17920K, 96% used [0x00000000e5800000,0x00000000e68d4068,0x00000000e6980000)
  to   space 20480K, 0% used [0x00000000eb800000,0x00000000eb800000,0x00000000ecc00000)
 ParOldGen       total 75264K, used 32509K [0x0000000080000000, 0x0000000084980000, 0x00000000d5580000)
  object space 75264K, 43% used [0x0000000080000000,0x0000000081fbf7d8,0x0000000084980000)
 Metaspace       used 79406K, capacity 82698K, committed 82856K, reserved 1120256K
  class space    used 10502K, capacity 11166K, committed 11184K, reserved 1048576K
Event: 39.853 GC heap after
Heap after GC invocations=17 (full 3):
 PSYoungGen      total 353792K, used 19022K [0x00000000d5580000, 0x00000000ecb00000, 0x0000000100000000)
  eden space 334336K, 0% used [0x00000000d5580000,0x00000000d5580000,0x00000000e9c00000)
  from space 19456K, 97% used [0x00000000eb800000,0x00000000eca939c8,0x00000000ecb00000)
  to   space 23040K, 0% used [0x00000000e9e00000,0x00000000e9e00000,0x00000000eb480000)
 ParOldGen       total 75264K, used 44520K [0x0000000080000000, 0x0000000084980000, 0x00000000d5580000)
  object space 75264K, 59% used [0x0000000080000000,0x0000000082b7a138,0x0000000084980000)
 Metaspace       used 79406K, capacity 82698K, committed 82856K, reserved 1120256K
  class space    used 10502K, capacity 11166K, committed 11184K, reserved 1048576K
}
Event: 51.310 GC heap before
{Heap before GC invocations=18 (full 3):
 PSYoungGen      total 353792K, used 353358K [0x00000000d5580000, 0x00000000ecb00000, 0x0000000100000000)
  eden space 334336K, 100% used [0x00000000d5580000,0x00000000e9c00000,0x00000000e9c00000)
  from space 19456K, 97% used [0x00000000eb800000,0x00000000eca939c8,0x00000000ecb00000)
  to   space 23040K, 0% used [0x00000000e9e00000,0x00000000e9e00000,0x00000000eb480000)
 ParOldGen       total 75264K, used 44520K [0x0000000080000000, 0x0000000084980000, 0x00000000d5580000)
  object space 75264K, 59% used [0x0000000080000000,0x0000000082b7a138,0x0000000084980000)
 Metaspace       used 87809K, capacity 91988K, committed 92328K, reserved 1128448K
  class space    used 11593K, capacity 12361K, committed 12464K, reserved 1048576K
Event: 51.409 GC heap after
Heap after GC invocations=18 (full 3):
 PSYoungGen      total 359424K, used 23037K [0x00000000d5580000, 0x00000000f2b00000, 0x0000000100000000)
  eden space 336384K, 0% used [0x00000000d5580000,0x00000000d5580000,0x00000000e9e00000)
  from space 23040K, 99% used [0x00000000e9e00000,0x00000000eb47f598,0x00000000eb480000)
  to   space 33280K, 0% used [0x00000000f0a80000,0x00000000f0a80000,0x00000000f2b00000)
 ParOldGen       total 75264K, used 61826K [0x0000000080000000, 0x0000000084980000, 0x00000000d5580000)
  object space 75264K, 82% used [0x0000000080000000,0x0000000083c60a58,0x0000000084980000)
 Metaspace       used 87809K, capacity 91988K, committed 92328K, reserved 1128448K
  class space    used 11593K, capacity 12361K, committed 12464K, reserved 1048576K
}
Event: 51.409 GC heap before
{Heap before GC invocations=19 (full 4):
 PSYoungGen      total 359424K, used 23037K [0x00000000d5580000, 0x00000000f2b00000, 0x0000000100000000)
  eden space 336384K, 0% used [0x00000000d5580000,0x00000000d5580000,0x00000000e9e00000)
  from space 23040K, 99% used [0x00000000e9e00000,0x00000000eb47f598,0x00000000eb480000)
  to   space 33280K, 0% used [0x00000000f0a80000,0x00000000f0a80000,0x00000000f2b00000)
 ParOldGen       total 75264K, used 61826K [0x0000000080000000, 0x0000000084980000, 0x00000000d5580000)
  object space 75264K, 82% used [0x0000000080000000,0x0000000083c60a58,0x0000000084980000)
 Metaspace       used 87809K, capacity 91988K, committed 92328K, reserved 1128448K
  class space    used 11593K, capacity 12361K, committed 12464K, reserved 1048576K
Event: 53.014 GC heap after
Heap after GC invocations=19 (full 4):
 PSYoungGen      total 359424K, used 3059K [0x00000000d5580000, 0x00000000f2b00000, 0x0000000100000000)
  eden space 336384K, 0% used [0x00000000d5580000,0x00000000d5580000,0x00000000e9e00000)
  from space 23040K, 13% used [0x00000000e9e00000,0x00000000ea0fced8,0x00000000eb480000)
  to   space 33280K, 0% used [0x00000000f0a80000,0x00000000f0a80000,0x00000000f2b00000)
 ParOldGen       total 137728K, used 75256K [0x0000000080000000, 0x0000000088680000, 0x00000000d5580000)
  object space 137728K, 54% used [0x0000000080000000,0x000000008497e2c0,0x0000000088680000)
 Metaspace       used 87636K, capacity 91502K, committed 92328K, reserved 1128448K
  class space    used 11536K, capacity 12260K, committed 12464K, reserved 1048576K
}
Event: 531.294 GC heap before
{Heap before GC invocations=20 (full 4):
 PSYoungGen      total 359424K, used 339443K [0x00000000d5580000, 0x00000000f2b00000, 0x0000000100000000)
  eden space 336384K, 100% used [0x00000000d5580000,0x00000000e9e00000,0x00000000e9e00000)
  from space 23040K, 13% used [0x00000000e9e00000,0x00000000ea0fced8,0x00000000eb480000)
  to   space 33280K, 0% used [0x00000000f0a80000,0x00000000f0a80000,0x00000000f2b00000)
 ParOldGen       total 137728K, used 75256K [0x0000000080000000, 0x0000000088680000, 0x00000000d5580000)
  object space 137728K, 54% used [0x0000000080000000,0x000000008497e2c0,0x0000000088680000)
 Metaspace       used 95322K, capacity 99688K, committed 99752K, reserved 1136640K
  class space    used 12348K, capacity 13189K, committed 13232K, reserved 1048576K
Event: 531.358 GC heap after
Heap after GC invocations=20 (full 4):
 PSYoungGen      total 415232K, used 16973K [0x00000000d5580000, 0x00000000f1b80000, 0x0000000100000000)
  eden space 397824K, 0% used [0x00000000d5580000,0x00000000d5580000,0x00000000eda00000)
  from space 17408K, 97% used [0x00000000f0a80000,0x00000000f1b13778,0x00000000f1b80000)
  to   space 32768K, 0% used [0x00000000edb80000,0x00000000edb80000,0x00000000efb80000)
 ParOldGen       total 137728K, used 78352K [0x0000000080000000, 0x0000000088680000, 0x00000000d5580000)
  object space 137728K, 56% used [0x0000000080000000,0x0000000084c842f0,0x0000000088680000)
 Metaspace       used 95322K, capacity 99688K, committed 99752K, reserved 1136640K
  class space    used 12348K, capacity 13189K, committed 13232K, reserved 1048576K
}

