# JRE version: OpenJDK Runtime Environment (8.0_242-b01) (build 1.8.0_242-release-1644-b01)
# Java VM: OpenJDK 64-Bit Server VM (25.242-b01 mixed mode windows-amd64 compressed oops)
Heap:
 PSYoungGen      total 278528K, used 35880K [0x00000000d5580000, 0x00000000e7700000, 0x0000000100000000)
  eden space 260608K, 6% used [0x00000000d5580000,0x00000000d670fdd8,0x00000000e5400000)
  from space 17920K, 99% used [0x00000000e5400000,0x00000000e657a3c8,0x00000000e6580000)
  to   space 13824K, 0% used [0x00000000e6980000,0x00000000e6980000,0x00000000e7700000)
 ParOldGen       total 76800K, used 40584K [0x0000000080000000, 0x0000000084b00000, 0x00000000d5580000)
  object space 76800K, 52% used [0x0000000080000000,0x00000000827a2110,0x0000000084b00000)
 Metaspace       used 65876K, capacity 68698K, committed 68904K, reserved 1107968K
  class space    used 8911K, capacity 9484K, committed 9520K, reserved 1048576K
GC Heap History (10 events):
Event: 7.630 GC heap before
{Heap before GC invocations=12 (full 2):
 PSYoungGen      total 201728K, used 8796K [0x00000000d5580000, 0x00000000e2800000, 0x0000000100000000)
  eden space 189952K, 0% used [0x00000000d5580000,0x00000000d5580000,0x00000000e0f00000)
  from space 11776K, 74% used [0x00000000e1c80000,0x00000000e2517018,0x00000000e2800000)
  to   space 12800K, 0% used [0x00000000e0f00000,0x00000000e0f00000,0x00000000e1b80000)
 ParOldGen       total 30208K, used 10575K [0x0000000080000000, 0x0000000081d80000, 0x00000000d5580000)
  object space 30208K, 35% used [0x0000000080000000,0x0000000080a53d78,0x0000000081d80000)
 Metaspace       used 34590K, capacity 35410K, committed 35496K, reserved 1079296K
  class space    used 4744K, capacity 4972K, committed 5040K, reserved 1048576K
Event: 7.697 GC heap after
Heap after GC invocations=12 (full 2):
 PSYoungGen      total 201728K, used 0K [0x00000000d5580000, 0x00000000e2800000, 0x0000000100000000)
  eden space 189952K, 0% used [0x00000000d5580000,0x00000000d5580000,0x00000000e0f00000)
  from space 11776K, 0% used [0x00000000e1c80000,0x00000000e1c80000,0x00000000e2800000)
  to   space 12800K, 0% used [0x00000000e0f00000,0x00000000e0f00000,0x00000000e1b80000)
 ParOldGen       total 46080K, used 15357K [0x0000000080000000, 0x0000000082d00000, 0x00000000d5580000)
  object space 46080K, 33% used [0x0000000080000000,0x0000000080eff450,0x0000000082d00000)
 Metaspace       used 34590K, capacity 35410K, committed 35496K, reserved 1079296K
  class space    used 4744K, capacity 4972K, committed 5040K, reserved 1048576K
}
Event: 11.559 GC heap before
{Heap before GC invocations=13 (full 2):
 PSYoungGen      total 201728K, used 189952K [0x00000000d5580000, 0x00000000e2800000, 0x0000000100000000)
  eden space 189952K, 100% used [0x00000000d5580000,0x00000000e0f00000,0x00000000e0f00000)
  from space 11776K, 0% used [0x00000000e1c80000,0x00000000e1c80000,0x00000000e2800000)
  to   space 12800K, 0% used [0x00000000e0f00000,0x00000000e0f00000,0x00000000e1b80000)
 ParOldGen       total 46080K, used 15357K [0x0000000080000000, 0x0000000082d00000, 0x00000000d5580000)
  object space 46080K, 33% used [0x0000000080000000,0x0000000080eff450,0x0000000082d00000)
 Metaspace       used 50276K, capacity 51922K, committed 52264K, reserved 1093632K
  class space    used 6733K, capacity 7122K, committed 7216K, reserved 1048576K
Event: 11.618 GC heap after
Heap after GC invocations=13 (full 2):
 PSYoungGen      total 202752K, used 12787K [0x00000000d5580000, 0x00000000e7b80000, 0x0000000100000000)
  eden space 189952K, 0% used [0x00000000d5580000,0x00000000d5580000,0x00000000e0f00000)
  from space 12800K, 99% used [0x00000000e0f00000,0x00000000e1b7ccc8,0x00000000e1b80000)
  to   space 18432K, 0% used [0x00000000e6980000,0x00000000e6980000,0x00000000e7b80000)
 ParOldGen       total 46080K, used 24998K [0x0000000080000000, 0x0000000082d00000, 0x00000000d5580000)
  object space 46080K, 54% used [0x0000000080000000,0x0000000081869830,0x0000000082d00000)
 Metaspace       used 50276K, capacity 51922K, committed 52264K, reserved 1093632K
  class space    used 6733K, capacity 7122K, committed 7216K, reserved 1048576K
}
Event: 13.733 GC heap before
{Heap before GC invocations=14 (full 2):
 PSYoungGen      total 202752K, used 94954K [0x00000000d5580000, 0x00000000e7b80000, 0x0000000100000000)
  eden space 189952K, 43% used [0x00000000d5580000,0x00000000da5bdd38,0x00000000e0f00000)
  from space 12800K, 99% used [0x00000000e0f00000,0x00000000e1b7ccc8,0x00000000e1b80000)
  to   space 18432K, 0% used [0x00000000e6980000,0x00000000e6980000,0x00000000e7b80000)
 ParOldGen       total 46080K, used 24998K [0x0000000080000000, 0x0000000082d00000, 0x00000000d5580000)
  object space 46080K, 54% used [0x0000000080000000,0x0000000081869830,0x0000000082d00000)
 Metaspace       used 57024K, capacity 59046K, committed 59160K, reserved 1099776K
  class space    used 7827K, capacity 8286K, committed 8368K, reserved 1048576K
Event: 13.769 GC heap after
Heap after GC invocations=14 (full 2):
 PSYoungGen      total 274432K, used 8926K [0x00000000d5580000, 0x00000000e7700000, 0x0000000100000000)
  eden space 260608K, 0% used [0x00000000d5580000,0x00000000d5580000,0x00000000e5400000)
  from space 13824K, 64% used [0x00000000e6980000,0x00000000e7237b30,0x00000000e7700000)
  to   space 17920K, 0% used [0x00000000e5400000,0x00000000e5400000,0x00000000e6580000)
 ParOldGen       total 46080K, used 36844K [0x0000000080000000, 0x0000000082d00000, 0x00000000d5580000)
  object space 46080K, 79% used [0x0000000080000000,0x00000000823fb018,0x0000000082d00000)
 Metaspace       used 57024K, capacity 59046K, committed 59160K, reserved 1099776K
  class space    used 7827K, capacity 8286K, committed 8368K, reserved 1048576K
}
Event: 13.769 GC heap before
{Heap before GC invocations=15 (full 3):
 PSYoungGen      total 274432K, used 8926K [0x00000000d5580000, 0x00000000e7700000, 0x0000000100000000)
  eden space 260608K, 0% used [0x00000000d5580000,0x00000000d5580000,0x00000000e5400000)
  from space 13824K, 64% used [0x00000000e6980000,0x00000000e7237b30,0x00000000e7700000)
  to   space 17920K, 0% used [0x00000000e5400000,0x00000000e5400000,0x00000000e6580000)
 ParOldGen       total 46080K, used 36844K [0x0000000080000000, 0x0000000082d00000, 0x00000000d5580000)
  object space 46080K, 79% used [0x0000000080000000,0x00000000823fb018,0x0000000082d00000)
 Metaspace       used 57024K, capacity 59046K, committed 59160K, reserved 1099776K
  class space    used 7827K, capacity 8286K, committed 8368K, reserved 1048576K
Event: 14.046 GC heap after
Heap after GC invocations=15 (full 3):
 PSYoungGen      total 274432K, used 0K [0x00000000d5580000, 0x00000000e7700000, 0x0000000100000000)
  eden space 260608K, 0% used [0x00000000d5580000,0x00000000d5580000,0x00000000e5400000)
  from space 13824K, 0% used [0x00000000e6980000,0x00000000e6980000,0x00000000e7700000)
  to   space 17920K, 0% used [0x00000000e5400000,0x00000000e5400000,0x00000000e6580000)
 ParOldGen       total 76800K, used 32691K [0x0000000080000000, 0x0000000084b00000, 0x00000000d5580000)
  object space 76800K, 42% used [0x0000000080000000,0x0000000081fecce0,0x0000000084b00000)
 Metaspace       used 57010K, capacity 58998K, committed 59160K, reserved 1099776K
  class space    used 7822K, capacity 8278K, committed 8368K, reserved 1048576K
}
Event: 22.449 GC heap before
{Heap before GC invocations=16 (full 3):
 PSYoungGen      total 274432K, used 260608K [0x00000000d5580000, 0x00000000e7700000, 0x0000000100000000)
  eden space 260608K, 100% used [0x00000000d5580000,0x00000000e5400000,0x00000000e5400000)
  from space 13824K, 0% used [0x00000000e6980000,0x00000000e6980000,0x00000000e7700000)
  to   space 17920K, 0% used [0x00000000e5400000,0x00000000e5400000,0x00000000e6580000)
 ParOldGen       total 76800K, used 32691K [0x0000000080000000, 0x0000000084b00000, 0x00000000d5580000)
  object space 76800K, 42% used [0x0000000080000000,0x0000000081fecce0,0x0000000084b00000)
 Metaspace       used 65819K, capacity 68570K, committed 68648K, reserved 1107968K
  class space    used 8904K, capacity 9484K, committed 9520K, reserved 1048576K
Event: 22.512 GC heap after
Heap after GC invocations=16 (full 3):
 PSYoungGen      total 278528K, used 17896K [0x00000000d5580000, 0x00000000e7700000, 0x0000000100000000)
  eden space 260608K, 0% used [0x00000000d5580000,0x00000000d5580000,0x00000000e5400000)
  from space 17920K, 99% used [0x00000000e5400000,0x00000000e657a3c8,0x00000000e6580000)
  to   space 13824K, 0% used [0x00000000e6980000,0x00000000e6980000,0x00000000e7700000)
 ParOldGen       total 76800K, used 40584K [0x0000000080000000, 0x0000000084b00000, 0x00000000d5580000)
  object space 76800K, 52% used [0x0000000080000000,0x00000000827a2110,0x0000000084b00000)
 Metaspace       used 65819K, capacity 68570K, committed 68648K, reserved 1107968K
  class space    used 8904K, capacity 9484K, committed 9520K, reserved 1048576K
}

