# JRE version: OpenJDK Runtime Environment (8.0_242-b01) (build 1.8.0_242-release-1644-b01)
# Java VM: OpenJDK 64-Bit Server VM (25.242-b01 mixed mode windows-amd64 compressed oops)
Heap:
 PSYoungGen      total 201728K, used 150397K [0x00000000d5580000, 0x00000000e5c00000, 0x0000000100000000)
  eden space 181760K, 76% used [0x00000000d5580000,0x00000000ddc7b0c8,0x00000000e0700000)
  from space 19968K, 60% used [0x00000000e0700000,0x00000000e12e4450,0x00000000e1a80000)
  to   space 32768K, 0% used [0x00000000e3c00000,0x00000000e3c00000,0x00000000e5c00000)
 ParOldGen       total 87040K, used 53558K [0x0000000080000000, 0x0000000085500000, 0x00000000d5580000)
  object space 87040K, 61% used [0x0000000080000000,0x000000008344da98,0x0000000085500000)
 Metaspace       used 90115K, capacity 94652K, committed 94760K, reserved 1130496K
  class space    used 11956K, capacity 12809K, committed 12848K, reserved 1048576K
GC Heap History (10 events):
Event: 16.950 GC heap before
{Heap before GC invocations=18 (full 3):
 PSYoungGen      total 158208K, used 3488K [0x00000000d5580000, 0x00000000e2e00000, 0x0000000100000000)
  eden space 140800K, 0% used [0x00000000d5580000,0x00000000d5580000,0x00000000ddf00000)
  from space 17408K, 20% used [0x00000000ddf00000,0x00000000de2680c0,0x00000000df000000)
  to   space 17408K, 0% used [0x00000000e1d00000,0x00000000e1d00000,0x00000000e2e00000)
 ParOldGen       total 53760K, used 37220K [0x0000000080000000, 0x0000000083480000, 0x00000000d5580000)
  object space 53760K, 69% used [0x0000000080000000,0x0000000082459230,0x0000000083480000)
 Metaspace       used 57011K, capacity 59030K, committed 59160K, reserved 1099776K
  class space    used 7808K, capacity 8272K, committed 8368K, reserved 1048576K
Event: 17.381 GC heap after
Heap after GC invocations=18 (full 3):
 PSYoungGen      total 158208K, used 0K [0x00000000d5580000, 0x00000000e2e00000, 0x0000000100000000)
  eden space 140800K, 0% used [0x00000000d5580000,0x00000000d5580000,0x00000000ddf00000)
  from space 17408K, 0% used [0x00000000ddf00000,0x00000000ddf00000,0x00000000df000000)
  to   space 17408K, 0% used [0x00000000e1d00000,0x00000000e1d00000,0x00000000e2e00000)
 ParOldGen       total 87040K, used 29766K [0x0000000080000000, 0x0000000085500000, 0x00000000d5580000)
  object space 87040K, 34% used [0x0000000080000000,0x0000000081d11b18,0x0000000085500000)
 Metaspace       used 57002K, capacity 59000K, committed 59160K, reserved 1099776K
  class space    used 7805K, capacity 8267K, committed 8368K, reserved 1048576K
}
Event: 23.272 GC heap before
{Heap before GC invocations=19 (full 3):
 PSYoungGen      total 158208K, used 140800K [0x00000000d5580000, 0x00000000e2e00000, 0x0000000100000000)
  eden space 140800K, 100% used [0x00000000d5580000,0x00000000ddf00000,0x00000000ddf00000)
  from space 17408K, 0% used [0x00000000ddf00000,0x00000000ddf00000,0x00000000df000000)
  to   space 17408K, 0% used [0x00000000e1d00000,0x00000000e1d00000,0x00000000e2e00000)
 ParOldGen       total 87040K, used 29766K [0x0000000080000000, 0x0000000085500000, 0x00000000d5580000)
  object space 87040K, 34% used [0x0000000080000000,0x0000000081d11b18,0x0000000085500000)
 Metaspace       used 61789K, capacity 64280K, committed 64424K, reserved 1103872K
  class space    used 8479K, capacity 9031K, committed 9136K, reserved 1048576K
Event: 23.309 GC heap after
Heap after GC invocations=19 (full 3):
 PSYoungGen      total 190464K, used 17269K [0x00000000d5580000, 0x00000000e2e00000, 0x0000000100000000)
  eden space 173056K, 0% used [0x00000000d5580000,0x00000000d5580000,0x00000000dfe80000)
  from space 17408K, 99% used [0x00000000e1d00000,0x00000000e2ddd540,0x00000000e2e00000)
  to   space 19968K, 0% used [0x00000000e0700000,0x00000000e0700000,0x00000000e1a80000)
 ParOldGen       total 87040K, used 29774K [0x0000000080000000, 0x0000000085500000, 0x00000000d5580000)
  object space 87040K, 34% used [0x0000000080000000,0x0000000081d13b18,0x0000000085500000)
 Metaspace       used 61789K, capacity 64280K, committed 64424K, reserved 1103872K
  class space    used 8479K, capacity 9031K, committed 9136K, reserved 1048576K
}
Event: 30.866 GC heap before
{Heap before GC invocations=20 (full 3):
 PSYoungGen      total 190464K, used 190325K [0x00000000d5580000, 0x00000000e2e00000, 0x0000000100000000)
  eden space 173056K, 100% used [0x00000000d5580000,0x00000000dfe80000,0x00000000dfe80000)
  from space 17408K, 99% used [0x00000000e1d00000,0x00000000e2ddd540,0x00000000e2e00000)
  to   space 19968K, 0% used [0x00000000e0700000,0x00000000e0700000,0x00000000e1a80000)
 ParOldGen       total 87040K, used 29774K [0x0000000080000000, 0x0000000085500000, 0x00000000d5580000)
  object space 87040K, 34% used [0x0000000080000000,0x0000000081d13b18,0x0000000085500000)
 Metaspace       used 67927K, capacity 70682K, committed 70824K, reserved 1110016K
  class space    used 9229K, capacity 9812K, committed 9904K, reserved 1048576K
Event: 30.906 GC heap after
Heap after GC invocations=20 (full 3):
 PSYoungGen      total 201728K, used 19961K [0x00000000d5580000, 0x00000000e4380000, 0x0000000100000000)
  eden space 181760K, 0% used [0x00000000d5580000,0x00000000d5580000,0x00000000e0700000)
  from space 19968K, 99% used [0x00000000e0700000,0x00000000e1a7e700,0x00000000e1a80000)
  to   space 23552K, 0% used [0x00000000e2c80000,0x00000000e2c80000,0x00000000e4380000)
 ParOldGen       total 87040K, used 30764K [0x0000000080000000, 0x0000000085500000, 0x00000000d5580000)
  object space 87040K, 35% used [0x0000000080000000,0x0000000081e0b3b0,0x0000000085500000)
 Metaspace       used 67927K, capacity 70682K, committed 70824K, reserved 1110016K
  class space    used 9229K, capacity 9812K, committed 9904K, reserved 1048576K
}
Event: 36.004 GC heap before
{Heap before GC invocations=21 (full 3):
 PSYoungGen      total 201728K, used 201721K [0x00000000d5580000, 0x00000000e4380000, 0x0000000100000000)
  eden space 181760K, 100% used [0x00000000d5580000,0x00000000e0700000,0x00000000e0700000)
  from space 19968K, 99% used [0x00000000e0700000,0x00000000e1a7e700,0x00000000e1a80000)
  to   space 23552K, 0% used [0x00000000e2c80000,0x00000000e2c80000,0x00000000e4380000)
 ParOldGen       total 87040K, used 30764K [0x0000000080000000, 0x0000000085500000, 0x00000000d5580000)
  object space 87040K, 35% used [0x0000000080000000,0x0000000081e0b3b0,0x0000000085500000)
 Metaspace       used 82401K, capacity 86608K, committed 86824K, reserved 1124352K
  class space    used 11170K, capacity 11969K, committed 12080K, reserved 1048576K
Event: 36.105 GC heap after
Heap after GC invocations=21 (full 3):
 PSYoungGen      total 205312K, used 23534K [0x00000000d5580000, 0x00000000e4380000, 0x0000000100000000)
  eden space 181760K, 0% used [0x00000000d5580000,0x00000000d5580000,0x00000000e0700000)
  from space 23552K, 99% used [0x00000000e2c80000,0x00000000e437b980,0x00000000e4380000)
  to   space 19968K, 0% used [0x00000000e0700000,0x00000000e0700000,0x00000000e1a80000)
 ParOldGen       total 87040K, used 50914K [0x0000000080000000, 0x0000000085500000, 0x00000000d5580000)
  object space 87040K, 58% used [0x0000000080000000,0x00000000831b8958,0x0000000085500000)
 Metaspace       used 82401K, capacity 86608K, committed 86824K, reserved 1124352K
  class space    used 11170K, capacity 11969K, committed 12080K, reserved 1048576K
}
Event: 413.122 GC heap before
{Heap before GC invocations=22 (full 3):
 PSYoungGen      total 205312K, used 205294K [0x00000000d5580000, 0x00000000e4380000, 0x0000000100000000)
  eden space 181760K, 100% used [0x00000000d5580000,0x00000000e0700000,0x00000000e0700000)
  from space 23552K, 99% used [0x00000000e2c80000,0x00000000e437b980,0x00000000e4380000)
  to   space 19968K, 0% used [0x00000000e0700000,0x00000000e0700000,0x00000000e1a80000)
 ParOldGen       total 87040K, used 50914K [0x0000000080000000, 0x0000000085500000, 0x00000000d5580000)
  object space 87040K, 58% used [0x0000000080000000,0x00000000831b8958,0x0000000085500000)
 Metaspace       used 89490K, capacity 94070K, committed 94248K, reserved 1130496K
  class space    used 11950K, capacity 12804K, committed 12848K, reserved 1048576K
Event: 413.150 GC heap after
Heap after GC invocations=22 (full 3):
 PSYoungGen      total 201728K, used 12177K [0x00000000d5580000, 0x00000000e5c00000, 0x0000000100000000)
  eden space 181760K, 0% used [0x00000000d5580000,0x00000000d5580000,0x00000000e0700000)
  from space 19968K, 60% used [0x00000000e0700000,0x00000000e12e4450,0x00000000e1a80000)
  to   space 32768K, 0% used [0x00000000e3c00000,0x00000000e3c00000,0x00000000e5c00000)
 ParOldGen       total 87040K, used 53558K [0x0000000080000000, 0x0000000085500000, 0x00000000d5580000)
  object space 87040K, 61% used [0x0000000080000000,0x000000008344da98,0x0000000085500000)
 Metaspace       used 89490K, capacity 94070K, committed 94248K, reserved 1130496K
  class space    used 11950K, capacity 12804K, committed 12848K, reserved 1048576K
}

