# JRE version: OpenJDK Runtime Environment (8.0_242-b01) (build 1.8.0_242-release-1644-b01)
# Java VM: OpenJDK 64-Bit Server VM (25.242-b01 mixed mode windows-amd64 compressed oops)
Heap:
 PSYoungGen      total 90112K, used 73598K [0x00000000d5580000, 0x00000000dc600000, 0x0000000100000000)
  eden space 82944K, 80% used [0x00000000d5580000,0x00000000d9666648,0x00000000da680000)
  from space 7168K, 99% used [0x00000000dbf00000,0x00000000dc5f9460,0x00000000dc600000)
  to   space 8192K, 0% used [0x00000000db600000,0x00000000db600000,0x00000000dbe00000)
 ParOldGen       total 35328K, used 10068K [0x0000000080000000, 0x0000000082280000, 0x00000000d5580000)
  object space 35328K, 28% used [0x0000000080000000,0x00000000809d5128,0x0000000082280000)
 Metaspace       used 32355K, capacity 33184K, committed 33456K, reserved 1077248K
  class space    used 4421K, capacity 4673K, committed 4784K, reserved 1048576K
GC Heap History (10 events):
Event: 6.320 GC heap before
{Heap before GC invocations=7 (full 0):
 PSYoungGen      total 36352K, used 36336K [0x00000000d5580000, 0x00000000d8080000, 0x0000000100000000)
  eden space 31744K, 100% used [0x00000000d5580000,0x00000000d7480000,0x00000000d7480000)
  from space 4608K, 99% used [0x00000000d7a00000,0x00000000d7e7c010,0x00000000d7e80000)
  to   space 5632K, 0% used [0x00000000d7480000,0x00000000d7480000,0x00000000d7a00000)
 ParOldGen       total 44032K, used 3202K [0x0000000080000000, 0x0000000082b00000, 0x00000000d5580000)
  object space 44032K, 7% used [0x0000000080000000,0x0000000080320b28,0x0000000082b00000)
 Metaspace       used 15393K, capacity 15820K, committed 16128K, reserved 1062912K
  class space    used 2053K, capacity 2218K, committed 2304K, reserved 1048576K
Event: 6.335 GC heap after
Heap after GC invocations=7 (full 0):
 PSYoungGen      total 37376K, used 5462K [0x00000000d5580000, 0x00000000d9f80000, 0x0000000100000000)
  eden space 31744K, 0% used [0x00000000d5580000,0x00000000d5580000,0x00000000d7480000)
  from space 5632K, 96% used [0x00000000d7480000,0x00000000d79d5a90,0x00000000d7a00000)
  to   space 6144K, 0% used [0x00000000d9980000,0x00000000d9980000,0x00000000d9f80000)
 ParOldGen       total 44032K, used 4606K [0x0000000080000000, 0x0000000082b00000, 0x00000000d5580000)
  object space 44032K, 10% used [0x0000000080000000,0x000000008047fb88,0x0000000082b00000)
 Metaspace       used 15393K, capacity 15820K, committed 16128K, reserved 1062912K
  class space    used 2053K, capacity 2218K, committed 2304K, reserved 1048576K
}
Event: 7.113 GC heap before
{Heap before GC invocations=8 (full 0):
 PSYoungGen      total 37376K, used 37206K [0x00000000d5580000, 0x00000000d9f80000, 0x0000000100000000)
  eden space 31744K, 100% used [0x00000000d5580000,0x00000000d7480000,0x00000000d7480000)
  from space 5632K, 96% used [0x00000000d7480000,0x00000000d79d5a90,0x00000000d7a00000)
  to   space 6144K, 0% used [0x00000000d9980000,0x00000000d9980000,0x00000000d9f80000)
 ParOldGen       total 44032K, used 4606K [0x0000000080000000, 0x0000000082b00000, 0x00000000d5580000)
  object space 44032K, 10% used [0x0000000080000000,0x000000008047fb88,0x0000000082b00000)
 Metaspace       used 18053K, capacity 18554K, committed 18816K, reserved 1064960K
  class space    used 2469K, capacity 2635K, committed 2688K, reserved 1048576K
Event: 7.130 GC heap after
Heap after GC invocations=8 (full 0):
 PSYoungGen      total 69120K, used 5490K [0x00000000d5580000, 0x00000000da080000, 0x0000000100000000)
  eden space 62976K, 0% used [0x00000000d5580000,0x00000000d5580000,0x00000000d9300000)
  from space 6144K, 89% used [0x00000000d9980000,0x00000000d9edc880,0x00000000d9f80000)
  to   space 6656K, 0% used [0x00000000d9300000,0x00000000d9300000,0x00000000d9980000)
 ParOldGen       total 44032K, used 5254K [0x0000000080000000, 0x0000000082b00000, 0x00000000d5580000)
  object space 44032K, 11% used [0x0000000080000000,0x0000000080521b88,0x0000000082b00000)
 Metaspace       used 18053K, capacity 18554K, committed 18816K, reserved 1064960K
  class space    used 2469K, capacity 2635K, committed 2688K, reserved 1048576K
}
Event: 7.924 GC heap before
{Heap before GC invocations=9 (full 0):
 PSYoungGen      total 69120K, used 41833K [0x00000000d5580000, 0x00000000da080000, 0x0000000100000000)
  eden space 62976K, 57% used [0x00000000d5580000,0x00000000d78fdd80,0x00000000d9300000)
  from space 6144K, 89% used [0x00000000d9980000,0x00000000d9edc880,0x00000000d9f80000)
  to   space 6656K, 0% used [0x00000000d9300000,0x00000000d9300000,0x00000000d9980000)
 ParOldGen       total 44032K, used 5254K [0x0000000080000000, 0x0000000082b00000, 0x00000000d5580000)
  object space 44032K, 11% used [0x0000000080000000,0x0000000080521b88,0x0000000082b00000)
 Metaspace       used 20676K, capacity 21256K, committed 21296K, reserved 1067008K
  class space    used 2896K, capacity 3116K, committed 3120K, reserved 1048576K
Event: 7.934 GC heap after
Heap after GC invocations=9 (full 0):
 PSYoungGen      total 69632K, used 5386K [0x00000000d5580000, 0x00000000dc600000, 0x0000000100000000)
  eden space 62976K, 0% used [0x00000000d5580000,0x00000000d5580000,0x00000000d9300000)
  from space 6656K, 80% used [0x00000000d9300000,0x00000000d9842ae0,0x00000000d9980000)
  to   space 7168K, 0% used [0x00000000dbf00000,0x00000000dbf00000,0x00000000dc600000)
 ParOldGen       total 44032K, used 6555K [0x0000000080000000, 0x0000000082b00000, 0x00000000d5580000)
  object space 44032K, 14% used [0x0000000080000000,0x0000000080666c08,0x0000000082b00000)
 Metaspace       used 20676K, capacity 21256K, committed 21296K, reserved 1067008K
  class space    used 2896K, capacity 3116K, committed 3120K, reserved 1048576K
}
Event: 7.934 GC heap before
{Heap before GC invocations=10 (full 1):
 PSYoungGen      total 69632K, used 5386K [0x00000000d5580000, 0x00000000dc600000, 0x0000000100000000)
  eden space 62976K, 0% used [0x00000000d5580000,0x00000000d5580000,0x00000000d9300000)
  from space 6656K, 80% used [0x00000000d9300000,0x00000000d9842ae0,0x00000000d9980000)
  to   space 7168K, 0% used [0x00000000dbf00000,0x00000000dbf00000,0x00000000dc600000)
 ParOldGen       total 44032K, used 6555K [0x0000000080000000, 0x0000000082b00000, 0x00000000d5580000)
  object space 44032K, 14% used [0x0000000080000000,0x0000000080666c08,0x0000000082b00000)
 Metaspace       used 20676K, capacity 21256K, committed 21296K, reserved 1067008K
  class space    used 2896K, capacity 3116K, committed 3120K, reserved 1048576K
Event: 8.028 GC heap after
Heap after GC invocations=10 (full 1):
 PSYoungGen      total 69632K, used 0K [0x00000000d5580000, 0x00000000dc600000, 0x0000000100000000)
  eden space 62976K, 0% used [0x00000000d5580000,0x00000000d5580000,0x00000000d9300000)
  from space 6656K, 0% used [0x00000000d9300000,0x00000000d9300000,0x00000000d9980000)
  to   space 7168K, 0% used [0x00000000dbf00000,0x00000000dbf00000,0x00000000dc600000)
 ParOldGen       total 35328K, used 9212K [0x0000000080000000, 0x0000000082280000, 0x00000000d5580000)
  object space 35328K, 26% used [0x0000000080000000,0x00000000808ff290,0x0000000082280000)
 Metaspace       used 20676K, capacity 21256K, committed 21296K, reserved 1067008K
  class space    used 2896K, capacity 3116K, committed 3120K, reserved 1048576K
}
Event: 9.602 GC heap before
{Heap before GC invocations=11 (full 1):
 PSYoungGen      total 69632K, used 62976K [0x00000000d5580000, 0x00000000dc600000, 0x0000000100000000)
  eden space 62976K, 100% used [0x00000000d5580000,0x00000000d9300000,0x00000000d9300000)
  from space 6656K, 0% used [0x00000000d9300000,0x00000000d9300000,0x00000000d9980000)
  to   space 7168K, 0% used [0x00000000dbf00000,0x00000000dbf00000,0x00000000dc600000)
 ParOldGen       total 35328K, used 9212K [0x0000000080000000, 0x0000000082280000, 0x00000000d5580000)
  object space 35328K, 26% used [0x0000000080000000,0x00000000808ff290,0x0000000082280000)
 Metaspace       used 28256K, capacity 28912K, committed 29232K, reserved 1075200K
  class space    used 3900K, capacity 4127K, committed 4144K, reserved 1048576K
Event: 9.618 GC heap after
Heap after GC invocations=11 (full 1):
 PSYoungGen      total 90112K, used 7141K [0x00000000d5580000, 0x00000000dc600000, 0x0000000100000000)
  eden space 82944K, 0% used [0x00000000d5580000,0x00000000d5580000,0x00000000da680000)
  from space 7168K, 99% used [0x00000000dbf00000,0x00000000dc5f9460,0x00000000dc600000)
  to   space 8192K, 0% used [0x00000000db600000,0x00000000db600000,0x00000000dbe00000)
 ParOldGen       total 35328K, used 10068K [0x0000000080000000, 0x0000000082280000, 0x00000000d5580000)
  object space 35328K, 28% used [0x0000000080000000,0x00000000809d5128,0x0000000082280000)
 Metaspace       used 28256K, capacity 28912K, committed 29232K, reserved 1075200K
  class space    used 3900K, capacity 4127K, committed 4144K, reserved 1048576K
}

