# JRE version: OpenJDK Runtime Environment (8.0_242-b01) (build 1.8.0_242-release-1644-b01)
# Java VM: OpenJDK 64-Bit Server VM (25.242-b01 mixed mode windows-amd64 compressed oops)
Heap:
 PSYoungGen      total 307200K, used 91248K [0x00000000d5580000, 0x00000000e9500000, 0x0000000100000000)
  eden space 289280K, 31% used [0x00000000d5580000,0x00000000dae9c110,0x00000000e7000000)
  from space 17920K, 0% used [0x00000000e8380000,0x00000000e8380000,0x00000000e9500000)
  to   space 18944K, 0% used [0x00000000e7000000,0x00000000e7000000,0x00000000e8280000)
 ParOldGen       total 41472K, used 26426K [0x0000000080000000, 0x0000000082880000, 0x00000000d5580000)
  object space 41472K, 63% used [0x0000000080000000,0x00000000819cebd8,0x0000000082880000)
 Metaspace       used 58225K, capacity 60276K, committed 60464K, reserved 1101824K
  class space    used 7998K, capacity 8477K, committed 8496K, reserved 1048576K
GC Heap History (10 events):
Event: 22.533 GC heap before
{Heap before GC invocations=11 (full 1):
 PSYoungGen      total 138240K, used 55518K [0x00000000d5580000, 0x00000000e2f80000, 0x0000000100000000)
  eden space 129024K, 35% used [0x00000000d5580000,0x00000000d82b8138,0x00000000dd380000)
  from space 9216K, 99% used [0x00000000dd380000,0x00000000ddc7fa40,0x00000000ddc80000)
  to   space 12288K, 0% used [0x00000000e2380000,0x00000000e2380000,0x00000000e2f80000)
 ParOldGen       total 28672K, used 11153K [0x0000000080000000, 0x0000000081c00000, 0x00000000d5580000)
  object space 28672K, 38% used [0x0000000080000000,0x0000000080ae4790,0x0000000081c00000)
 Metaspace       used 34602K, capacity 35462K, committed 35496K, reserved 1079296K
  class space    used 4753K, capacity 5034K, committed 5040K, reserved 1048576K
Event: 22.548 GC heap after
Heap after GC invocations=11 (full 1):
 PSYoungGen      total 208896K, used 8639K [0x00000000d5580000, 0x00000000e2f00000, 0x0000000100000000)
  eden space 197120K, 0% used [0x00000000d5580000,0x00000000d5580000,0x00000000e1600000)
  from space 11776K, 73% used [0x00000000e2380000,0x00000000e2befd58,0x00000000e2f00000)
  to   space 12800K, 0% used [0x00000000e1600000,0x00000000e1600000,0x00000000e2280000)
 ParOldGen       total 28672K, used 11161K [0x0000000080000000, 0x0000000081c00000, 0x00000000d5580000)
  object space 28672K, 38% used [0x0000000080000000,0x0000000080ae6790,0x0000000081c00000)
 Metaspace       used 34602K, capacity 35462K, committed 35496K, reserved 1079296K
  class space    used 4753K, capacity 5034K, committed 5040K, reserved 1048576K
}
Event: 22.548 GC heap before
{Heap before GC invocations=12 (full 2):
 PSYoungGen      total 208896K, used 8639K [0x00000000d5580000, 0x00000000e2f00000, 0x0000000100000000)
  eden space 197120K, 0% used [0x00000000d5580000,0x00000000d5580000,0x00000000e1600000)
  from space 11776K, 73% used [0x00000000e2380000,0x00000000e2befd58,0x00000000e2f00000)
  to   space 12800K, 0% used [0x00000000e1600000,0x00000000e1600000,0x00000000e2280000)
 ParOldGen       total 28672K, used 11161K [0x0000000080000000, 0x0000000081c00000, 0x00000000d5580000)
  object space 28672K, 38% used [0x0000000080000000,0x0000000080ae6790,0x0000000081c00000)
 Metaspace       used 34602K, capacity 35462K, committed 35496K, reserved 1079296K
  class space    used 4753K, capacity 5034K, committed 5040K, reserved 1048576K
Event: 22.623 GC heap after
Heap after GC invocations=12 (full 2):
 PSYoungGen      total 208896K, used 0K [0x00000000d5580000, 0x00000000e2f00000, 0x0000000100000000)
  eden space 197120K, 0% used [0x00000000d5580000,0x00000000d5580000,0x00000000e1600000)
  from space 11776K, 0% used [0x00000000e2380000,0x00000000e2380000,0x00000000e2f00000)
  to   space 12800K, 0% used [0x00000000e1600000,0x00000000e1600000,0x00000000e2280000)
 ParOldGen       total 41472K, used 15216K [0x0000000080000000, 0x0000000082880000, 0x00000000d5580000)
  object space 41472K, 36% used [0x0000000080000000,0x0000000080edc370,0x0000000082880000)
 Metaspace       used 34602K, capacity 35462K, committed 35496K, reserved 1079296K
  class space    used 4753K, capacity 5034K, committed 5040K, reserved 1048576K
}
Event: 28.836 GC heap before
{Heap before GC invocations=13 (full 2):
 PSYoungGen      total 208896K, used 197120K [0x00000000d5580000, 0x00000000e2f00000, 0x0000000100000000)
  eden space 197120K, 100% used [0x00000000d5580000,0x00000000e1600000,0x00000000e1600000)
  from space 11776K, 0% used [0x00000000e2380000,0x00000000e2380000,0x00000000e2f00000)
  to   space 12800K, 0% used [0x00000000e1600000,0x00000000e1600000,0x00000000e2280000)
 ParOldGen       total 41472K, used 15216K [0x0000000080000000, 0x0000000082880000, 0x00000000d5580000)
  object space 41472K, 36% used [0x0000000080000000,0x0000000080edc370,0x0000000082880000)
 Metaspace       used 51531K, capacity 53348K, committed 53552K, reserved 1095680K
  class space    used 6940K, capacity 7373K, committed 7472K, reserved 1048576K
Event: 28.948 GC heap after
Heap after GC invocations=13 (full 2):
 PSYoungGen      total 209920K, used 12772K [0x00000000d5580000, 0x00000000e9600000, 0x0000000100000000)
  eden space 197120K, 0% used [0x00000000d5580000,0x00000000d5580000,0x00000000e1600000)
  from space 12800K, 99% used [0x00000000e1600000,0x00000000e2279310,0x00000000e2280000)
  to   space 18944K, 0% used [0x00000000e8380000,0x00000000e8380000,0x00000000e9600000)
 ParOldGen       total 41472K, used 26347K [0x0000000080000000, 0x0000000082880000, 0x00000000d5580000)
  object space 41472K, 63% used [0x0000000080000000,0x00000000819bad78,0x0000000082880000)
 Metaspace       used 51531K, capacity 53348K, committed 53552K, reserved 1095680K
  class space    used 6940K, capacity 7373K, committed 7472K, reserved 1048576K
}
Event: 30.909 GC heap before
{Heap before GC invocations=14 (full 2):
 PSYoungGen      total 209920K, used 23953K [0x00000000d5580000, 0x00000000e9600000, 0x0000000100000000)
  eden space 197120K, 5% used [0x00000000d5580000,0x00000000d606b410,0x00000000e1600000)
  from space 12800K, 99% used [0x00000000e1600000,0x00000000e2279310,0x00000000e2280000)
  to   space 18944K, 0% used [0x00000000e8380000,0x00000000e8380000,0x00000000e9600000)
 ParOldGen       total 41472K, used 26347K [0x0000000080000000, 0x0000000082880000, 0x00000000d5580000)
  object space 41472K, 63% used [0x0000000080000000,0x00000000819bad78,0x0000000082880000)
 Metaspace       used 52933K, capacity 54726K, committed 54832K, reserved 1099776K
  class space    used 7201K, capacity 7630K, committed 7728K, reserved 1048576K
Event: 30.955 GC heap after
Heap after GC invocations=14 (full 2):
 PSYoungGen      total 307200K, used 1761K [0x00000000d5580000, 0x00000000e9500000, 0x0000000100000000)
  eden space 289280K, 0% used [0x00000000d5580000,0x00000000d5580000,0x00000000e7000000)
  from space 17920K, 9% used [0x00000000e8380000,0x00000000e85386c0,0x00000000e9500000)
  to   space 18944K, 0% used [0x00000000e7000000,0x00000000e7000000,0x00000000e8280000)
 ParOldGen       total 41472K, used 38904K [0x0000000080000000, 0x0000000082880000, 0x00000000d5580000)
  object space 41472K, 93% used [0x0000000080000000,0x00000000825fe218,0x0000000082880000)
 Metaspace       used 52933K, capacity 54726K, committed 54832K, reserved 1099776K
  class space    used 7201K, capacity 7630K, committed 7728K, reserved 1048576K
}
Event: 30.956 GC heap before
{Heap before GC invocations=15 (full 3):
 PSYoungGen      total 307200K, used 1761K [0x00000000d5580000, 0x00000000e9500000, 0x0000000100000000)
  eden space 289280K, 0% used [0x00000000d5580000,0x00000000d5580000,0x00000000e7000000)
  from space 17920K, 9% used [0x00000000e8380000,0x00000000e85386c0,0x00000000e9500000)
  to   space 18944K, 0% used [0x00000000e7000000,0x00000000e7000000,0x00000000e8280000)
 ParOldGen       total 41472K, used 38904K [0x0000000080000000, 0x0000000082880000, 0x00000000d5580000)
  object space 41472K, 93% used [0x0000000080000000,0x00000000825fe218,0x0000000082880000)
 Metaspace       used 52933K, capacity 54726K, committed 54832K, reserved 1099776K
  class space    used 7201K, capacity 7630K, committed 7728K, reserved 1048576K
Event: 31.610 GC heap after
Heap after GC invocations=15 (full 3):
 PSYoungGen      total 307200K, used 0K [0x00000000d5580000, 0x00000000e9500000, 0x0000000100000000)
  eden space 289280K, 0% used [0x00000000d5580000,0x00000000d5580000,0x00000000e7000000)
  from space 17920K, 0% used [0x00000000e8380000,0x00000000e8380000,0x00000000e9500000)
  to   space 18944K, 0% used [0x00000000e7000000,0x00000000e7000000,0x00000000e8280000)
 ParOldGen       total 41472K, used 26426K [0x0000000080000000, 0x0000000082880000, 0x00000000d5580000)
  object space 41472K, 63% used [0x0000000080000000,0x00000000819cebd8,0x0000000082880000)
 Metaspace       used 52920K, capacity 54684K, committed 54832K, reserved 1097728K
  class space    used 7197K, capacity 7623K, committed 7728K, reserved 1048576K
}

